Compiling 44 files with Solc 0.8.28
Solc 0.8.28 finished in 2.00s
Compiler run successful with warnings:
Warning (2018): Function state mutability can be restricted to view
  --> test/RealWorldAsset.t.sol:63:5:
   |
63 |     function testGetName() public {
   |     ^ (Relevant source part starts here and spans across multiple lines).

Analysing contracts...
Running tests...

Ran 4 tests for test/FactoryRealWorlAssets.t.sol:FactoryRealWorldAssetsTest
[PASS] testCreateAsset() (gas: 2297432)
[PASS] testCreateAssetWithEmptyName() (gas: 11363)
[PASS] testCreateAssetWithEmptySymbol() (gas: 11377)
[PASS] testCreateDuplicateAsset() (gas: 2290522)
Suite result: ok. 4 passed; 0 failed; 0 skipped; finished in 2.33ms (3.60ms CPU time)

Ran 7 tests for test/RealWorldAsset.t.sol:RealWorldAssetTest
[PASS] testGetName() (gas: 12916)
[PASS] testGetTokenURI() (gas: 115255)
[PASS] testMintByAdmin() (gas: 119570)
[PASS] testMintByNonAdmin() (gas: 16900)
[PASS] testMintToZeroAddress() (gas: 16548)
[PASS] testPause() (gas: 20323)
[PASS] testUnpause() (gas: 20897)
Suite result: ok. 7 passed; 0 failed; 0 skipped; finished in 2.56ms (6.15ms CPU time)

Ran 2 test suites in 6.59ms (4.89ms CPU time): 11 tests passed, 0 failed, 0 skipped (11 total tests)
Uncovered for src/FactoryRealWorldAssets.sol:
- Line (location: source ID 38, lines 38..41, bytes 1359..1454, hits: 0)
- Function "getAssetCount" (location: source ID 38, lines 38..41, bytes 1359..1454, hits: 0)
- Line (location: source ID 38, lines 39..40, bytes 1426..1447, hits: 0)
- Statement (location: source ID 38, lines 39..40, bytes 1426..1447, hits: 0)
- Line (location: source ID 38, lines 42..48, bytes 1460..1662, hits: 0)
- Function "getAssetByIndex" (location: source ID 38, lines 42..48, bytes 1460..1662, hits: 0)
- Line (location: source ID 38, lines 43..44, bytes 1553..1576, hits: 0)
- Statement (location: source ID 38, lines 43..44, bytes 1553..1576, hits: 0)
- Branch (branch: 3, path: 0) (location: source ID 38, lines 43..46, bytes 1578..1625, hits: 0)
- Line (location: source ID 38, lines 44..45, bytes 1592..1614, hits: 0)
- Statement (location: source ID 38, lines 44..45, bytes 1592..1614, hits: 0)
- Line (location: source ID 38, lines 46..47, bytes 1634..1655, hits: 0)
- Statement (location: source ID 38, lines 46..47, bytes 1634..1655, hits: 0)
- Line (location: source ID 38, lines 49..56, bytes 1668..1961, hits: 0)
- Function "getDeployedAssetsAddresses" (location: source ID 38, lines 49..56, bytes 1668..1961, hits: 0)
- Line (location: source ID 38, lines 50..51, bytes 1757..1815, hits: 0)
- Statement (location: source ID 38, lines 50..51, bytes 1757..1815, hits: 0)
- Statement (location: source ID 38, lines 50..51, bytes 1786..1815, hits: 0)
- Line (location: source ID 38, lines 51..52, bytes 1830..1843, hits: 0)
- Statement (location: source ID 38, lines 51..52, bytes 1830..1843, hits: 0)
- Statement (location: source ID 38, lines 51..52, bytes 1845..1863, hits: 0)
- Statement (location: source ID 38, lines 51..52, bytes 1865..1868, hits: 0)
- Line (location: source ID 38, lines 52..53, bytes 1884..1918, hits: 0)
- Statement (location: source ID 38, lines 52..53, bytes 1884..1918, hits: 0)
- Line (location: source ID 38, lines 54..55, bytes 1938..1954, hits: 0)
- Statement (location: source ID 38, lines 54..55, bytes 1938..1954, hits: 0)

Uncovered for src/MarketPlace.sol:
- Line (location: source ID 39, lines 54..61, bytes 1893..2270, hits: 0)
- Function "constructor" (location: source ID 39, lines 54..61, bytes 1893..2270, hits: 0)
- Line (location: source ID 39, lines 55..56, bytes 2003..2052, hits: 0)
- Statement (location: source ID 39, lines 55..56, bytes 2003..2052, hits: 0)
- Line (location: source ID 39, lines 56..57, bytes 2062..2090, hits: 0)
- Statement (location: source ID 39, lines 56..57, bytes 2062..2090, hits: 0)
- Line (location: source ID 39, lines 57..58, bytes 2100..2130, hits: 0)
- Statement (location: source ID 39, lines 57..58, bytes 2100..2130, hits: 0)
- Line (location: source ID 39, lines 58..59, bytes 2144..2170, hits: 0)
- Statement (location: source ID 39, lines 58..59, bytes 2144..2170, hits: 0)
- Branch (branch: 0, path: 0) (location: source ID 39, lines 58..59, bytes 2172..2200, hits: 0)
- Statement (location: source ID 39, lines 58..59, bytes 2172..2200, hits: 0)
- Line (location: source ID 39, lines 59..60, bytes 2214..2232, hits: 0)
- Statement (location: source ID 39, lines 59..60, bytes 2214..2232, hits: 0)
- Branch (branch: 1, path: 0) (location: source ID 39, lines 59..60, bytes 2234..2263, hits: 0)
- Statement (location: source ID 39, lines 59..60, bytes 2234..2263, hits: 0)
- Line (location: source ID 39, lines 62..84, bytes 2276..3116, hits: 0)
- Function "listAssetFixedPrice" (location: source ID 39, lines 62..84, bytes 2276..3116, hits: 0)
- Line (location: source ID 39, lines 68..69, bytes 2457..2483, hits: 0)
- Statement (location: source ID 39, lines 68..69, bytes 2457..2483, hits: 0)
- Branch (branch: 2, path: 0) (location: source ID 39, lines 68..69, bytes 2485..2509, hits: 0)
- Statement (location: source ID 39, lines 68..69, bytes 2485..2509, hits: 0)
- Line (location: source ID 39, lines 69..70, bytes 2523..2560, hits: 0)
- Statement (location: source ID 39, lines 69..70, bytes 2523..2560, hits: 0)
- Branch (branch: 3, path: 0) (location: source ID 39, lines 69..70, bytes 2562..2588, hits: 0)
- Statement (location: source ID 39, lines 69..70, bytes 2562..2588, hits: 0)
- Line (location: source ID 39, lines 70..71, bytes 2602..2647, hits: 0)
- Statement (location: source ID 39, lines 70..71, bytes 2602..2647, hits: 0)
- Statement (location: source ID 39, lines 70..71, bytes 2602..2633, hits: 0)
- Statement (location: source ID 39, lines 70..71, bytes 2637..2647, hits: 0)
- Branch (branch: 4, path: 0) (location: source ID 39, lines 70..71, bytes 2649..2670, hits: 0)
- Statement (location: source ID 39, lines 70..71, bytes 2649..2670, hits: 0)
- Line (location: source ID 39, lines 71..72, bytes 2680..2694, hits: 0)
- Statement (location: source ID 39, lines 71..72, bytes 2680..2694, hits: 0)
- Line (location: source ID 39, lines 72..73, bytes 2704..2744, hits: 0)
- Statement (location: source ID 39, lines 72..73, bytes 2704..2744, hits: 0)
- Line (location: source ID 39, lines 73..74, bytes 2754..2786, hits: 0)
- Statement (location: source ID 39, lines 73..74, bytes 2754..2786, hits: 0)
- Line (location: source ID 39, lines 74..75, bytes 2796..2820, hits: 0)
- Statement (location: source ID 39, lines 74..75, bytes 2796..2820, hits: 0)
- Line (location: source ID 39, lines 75..76, bytes 2830..2854, hits: 0)
- Statement (location: source ID 39, lines 75..76, bytes 2830..2854, hits: 0)
- Line (location: source ID 39, lines 76..77, bytes 2864..2882, hits: 0)
- Statement (location: source ID 39, lines 76..77, bytes 2864..2882, hits: 0)
- Line (location: source ID 39, lines 77..78, bytes 2892..2914, hits: 0)
- Statement (location: source ID 39, lines 77..78, bytes 2892..2914, hits: 0)
- Line (location: source ID 39, lines 78..79, bytes 2924..2942, hits: 0)
- Statement (location: source ID 39, lines 78..79, bytes 2924..2942, hits: 0)
- Line (location: source ID 39, lines 79..80, bytes 2952..3001, hits: 0)
- Statement (location: source ID 39, lines 79..80, bytes 2952..3001, hits: 0)
- Line (location: source ID 39, lines 81..82, bytes 3012..3080, hits: 0)
- Statement (location: source ID 39, lines 81..82, bytes 3012..3080, hits: 0)
- Line (location: source ID 39, lines 82..83, bytes 3090..3109, hits: 0)
- Statement (location: source ID 39, lines 82..83, bytes 3090..3109, hits: 0)
- Line (location: source ID 39, lines 85..111, bytes 3122..4153, hits: 0)
- Function "listAssetAuction" (location: source ID 39, lines 85..111, bytes 3122..4153, hits: 0)
- Line (location: source ID 39, lines 92..93, bytes 3346..3372, hits: 0)
- Statement (location: source ID 39, lines 92..93, bytes 3346..3372, hits: 0)
- Branch (branch: 5, path: 0) (location: source ID 39, lines 92..93, bytes 3374..3398, hits: 0)
- Statement (location: source ID 39, lines 92..93, bytes 3374..3398, hits: 0)
- Line (location: source ID 39, lines 93..94, bytes 3412..3449, hits: 0)
- Statement (location: source ID 39, lines 93..94, bytes 3412..3449, hits: 0)
- Branch (branch: 6, path: 0) (location: source ID 39, lines 93..94, bytes 3451..3477, hits: 0)
- Statement (location: source ID 39, lines 93..94, bytes 3451..3477, hits: 0)
- Line (location: source ID 39, lines 94..95, bytes 3491..3570, hits: 0)
- Statement (location: source ID 39, lines 94..95, bytes 3491..3570, hits: 0)
- Statement (location: source ID 39, lines 94..95, bytes 3491..3541, hits: 0)
- Statement (location: source ID 39, lines 94..95, bytes 3491..3519, hits: 0)
- Statement (location: source ID 39, lines 94..95, bytes 3523..3541, hits: 0)
- Statement (location: source ID 39, lines 94..95, bytes 3545..3570, hits: 0)
- Branch (branch: 7, path: 0) (location: source ID 39, lines 94..95, bytes 3572..3593, hits: 0)
- Statement (location: source ID 39, lines 94..95, bytes 3572..3593, hits: 0)
- Line (location: source ID 39, lines 97..98, bytes 3621..3635, hits: 0)
- Statement (location: source ID 39, lines 97..98, bytes 3621..3635, hits: 0)
- Line (location: source ID 39, lines 98..99, bytes 3645..3685, hits: 0)
- Statement (location: source ID 39, lines 98..99, bytes 3645..3685, hits: 0)
- Line (location: source ID 39, lines 99..100, bytes 3695..3727, hits: 0)
- Statement (location: source ID 39, lines 99..100, bytes 3695..3727, hits: 0)
- Line (location: source ID 39, lines 100..101, bytes 3737..3761, hits: 0)
- Statement (location: source ID 39, lines 100..101, bytes 3737..3761, hits: 0)
- Line (location: source ID 39, lines 101..102, bytes 3771..3795, hits: 0)
- Statement (location: source ID 39, lines 101..102, bytes 3771..3795, hits: 0)
- Line (location: source ID 39, lines 102..103, bytes 3805..3831, hits: 0)
- Statement (location: source ID 39, lines 102..103, bytes 3805..3831, hits: 0)
- Line (location: source ID 39, lines 103..104, bytes 3841..3911, hits: 0)
- Statement (location: source ID 39, lines 103..104, bytes 3841..3911, hits: 0)
- Line (location: source ID 39, lines 104..105, bytes 3921..3943, hits: 0)
- Statement (location: source ID 39, lines 104..105, bytes 3921..3943, hits: 0)
- Line (location: source ID 39, lines 105..106, bytes 3953..3971, hits: 0)
- Statement (location: source ID 39, lines 105..106, bytes 3953..3971, hits: 0)
- Line (location: source ID 39, lines 106..107, bytes 3981..4030, hits: 0)
- Statement (location: source ID 39, lines 106..107, bytes 3981..4030, hits: 0)
- Line (location: source ID 39, lines 108..109, bytes 4041..4117, hits: 0)
- Statement (location: source ID 39, lines 108..109, bytes 4041..4117, hits: 0)
- Line (location: source ID 39, lines 109..110, bytes 4127..4146, hits: 0)
- Statement (location: source ID 39, lines 109..110, bytes 4127..4146, hits: 0)
- Line (location: source ID 39, lines 112..115, bytes 4159..4314, hits: 0)
- Function "_isAssetListed" (location: source ID 39, lines 112..115, bytes 4159..4314, hits: 0)
- Line (location: source ID 39, lines 113..114, bytes 4261..4307, hits: 0)
- Statement (location: source ID 39, lines 113..114, bytes 4261..4307, hits: 0)
- Statement (location: source ID 39, lines 113..114, bytes 4268..4307, hits: 0)
- Line (location: source ID 39, lines 116..136, bytes 4320..5217, hits: 0)
- Function "purchaseAsset" (location: source ID 39, lines 116..136, bytes 4320..5217, hits: 0)
- Line (location: source ID 39, lines 117..118, bytes 4386..4420, hits: 0)
- Statement (location: source ID 39, lines 117..118, bytes 4386..4420, hits: 0)
- Line (location: source ID 39, lines 118..119, bytes 4434..4480, hits: 0)
- Statement (location: source ID 39, lines 118..119, bytes 4434..4480, hits: 0)
- Statement (location: source ID 39, lines 118..119, bytes 4434..4445, hits: 0)
- Statement (location: source ID 39, lines 118..119, bytes 4449..4480, hits: 0)
- Branch (branch: 8, path: 0) (location: source ID 39, lines 118..119, bytes 4482..4503, hits: 0)
- Statement (location: source ID 39, lines 118..119, bytes 4482..4503, hits: 0)
- Line (location: source ID 39, lines 119..120, bytes 4517..4529, hits: 0)
- Statement (location: source ID 39, lines 119..120, bytes 4517..4529, hits: 0)
- Branch (branch: 9, path: 0) (location: source ID 39, lines 119..120, bytes 4531..4557, hits: 0)
- Statement (location: source ID 39, lines 119..120, bytes 4531..4557, hits: 0)
- Line (location: source ID 39, lines 120..121, bytes 4571..4607, hits: 0)
- Statement (location: source ID 39, lines 120..121, bytes 4571..4607, hits: 0)
- Branch (branch: 10, path: 0) (location: source ID 39, lines 120..121, bytes 4609..4633, hits: 0)
- Statement (location: source ID 39, lines 120..121, bytes 4609..4633, hits: 0)
- Line (location: source ID 39, lines 121..122, bytes 4647..4669, hits: 0)
- Statement (location: source ID 39, lines 121..122, bytes 4647..4669, hits: 0)
- Branch (branch: 11, path: 0) (location: source ID 39, lines 121..122, bytes 4671..4692, hits: 0)
- Statement (location: source ID 39, lines 121..122, bytes 4671..4692, hits: 0)
- Line (location: source ID 39, lines 123..124, bytes 4703..4781, hits: 0)
- Statement (location: source ID 39, lines 123..124, bytes 4703..4781, hits: 0)
- Line (location: source ID 39, lines 126..127, bytes 4855..4904, hits: 0)
- Statement (location: source ID 39, lines 126..127, bytes 4855..4904, hits: 0)
- Statement (location: source ID 39, lines 126..127, bytes 4869..4904, hits: 0)
- Line (location: source ID 39, lines 127..128, bytes 4914..4950, hits: 0)
- Statement (location: source ID 39, lines 127..128, bytes 4914..4950, hits: 0)
- Line (location: source ID 39, lines 130..131, bytes 5016..5063, hits: 0)
- Statement (location: source ID 39, lines 130..131, bytes 5016..5063, hits: 0)
- Line (location: source ID 39, lines 132..133, bytes 5074..5093, hits: 0)
- Statement (location: source ID 39, lines 132..133, bytes 5074..5093, hits: 0)
- Line (location: source ID 39, lines 133..134, bytes 5103..5154, hits: 0)
- Statement (location: source ID 39, lines 133..134, bytes 5103..5154, hits: 0)
- Line (location: source ID 39, lines 134..135, bytes 5164..5210, hits: 0)
- Statement (location: source ID 39, lines 134..135, bytes 5164..5210, hits: 0)
- Line (location: source ID 39, lines 137..153, bytes 5223..5907, hits: 0)
- Function "placeBid" (location: source ID 39, lines 137..153, bytes 5223..5907, hits: 0)
- Line (location: source ID 39, lines 138..139, bytes 5284..5318, hits: 0)
- Statement (location: source ID 39, lines 138..139, bytes 5284..5318, hits: 0)
- Line (location: source ID 39, lines 139..140, bytes 5332..5378, hits: 0)
- Statement (location: source ID 39, lines 139..140, bytes 5332..5378, hits: 0)
- Statement (location: source ID 39, lines 139..140, bytes 5332..5343, hits: 0)
- Statement (location: source ID 39, lines 139..140, bytes 5347..5378, hits: 0)
- Branch (branch: 12, path: 0) (location: source ID 39, lines 139..140, bytes 5380..5401, hits: 0)
- Statement (location: source ID 39, lines 139..140, bytes 5380..5401, hits: 0)
- Line (location: source ID 39, lines 140..141, bytes 5415..5464, hits: 0)
- Statement (location: source ID 39, lines 140..141, bytes 5415..5464, hits: 0)
- Statement (location: source ID 39, lines 140..141, bytes 5415..5427, hits: 0)
- Statement (location: source ID 39, lines 140..141, bytes 5431..5464, hits: 0)
- Branch (branch: 13, path: 0) (location: source ID 39, lines 140..141, bytes 5466..5492, hits: 0)
- Statement (location: source ID 39, lines 140..141, bytes 5466..5492, hits: 0)
- Line (location: source ID 39, lines 141..142, bytes 5506..5544, hits: 0)
- Statement (location: source ID 39, lines 141..142, bytes 5506..5544, hits: 0)
- Branch (branch: 14, path: 0) (location: source ID 39, lines 141..142, bytes 5546..5574, hits: 0)
- Statement (location: source ID 39, lines 141..142, bytes 5546..5574, hits: 0)
- Line (location: source ID 39, lines 142..143, bytes 5588..5616, hits: 0)
- Statement (location: source ID 39, lines 142..143, bytes 5588..5616, hits: 0)
- Branch (branch: 15, path: 0) (location: source ID 39, lines 142..143, bytes 5618..5639, hits: 0)
- Statement (location: source ID 39, lines 142..143, bytes 5618..5639, hits: 0)
- Line (location: source ID 39, lines 144..145, bytes 5654..5686, hits: 0)
- Statement (location: source ID 39, lines 144..145, bytes 5654..5686, hits: 0)
- Branch (branch: 16, path: 0) (location: source ID 39, lines 144..147, bytes 5688..5766, hits: 0)
- Line (location: source ID 39, lines 145..146, bytes 5702..5755, hits: 0)
- Statement (location: source ID 39, lines 145..146, bytes 5702..5755, hits: 0)
- Line (location: source ID 39, lines 148..149, bytes 5776..5803, hits: 0)
- Statement (location: source ID 39, lines 148..149, bytes 5776..5803, hits: 0)
- Line (location: source ID 39, lines 149..150, bytes 5813..5844, hits: 0)
- Statement (location: source ID 39, lines 149..150, bytes 5813..5844, hits: 0)
- Line (location: source ID 39, lines 151..152, bytes 5855..5900, hits: 0)
- Statement (location: source ID 39, lines 151..152, bytes 5855..5900, hits: 0)
- Line (location: source ID 39, lines 154..171, bytes 5913..6782, hits: 0)
- Function "endAuction" (location: source ID 39, lines 154..171, bytes 5913..6782, hits: 0)
- Line (location: source ID 39, lines 155..156, bytes 5968..6002, hits: 0)
- Statement (location: source ID 39, lines 155..156, bytes 5968..6002, hits: 0)
- Line (location: source ID 39, lines 156..157, bytes 6016..6062, hits: 0)
- Statement (location: source ID 39, lines 156..157, bytes 6016..6062, hits: 0)
- Statement (location: source ID 39, lines 156..157, bytes 6016..6027, hits: 0)
- Statement (location: source ID 39, lines 156..157, bytes 6031..6062, hits: 0)
- Branch (branch: 17, path: 0) (location: source ID 39, lines 156..157, bytes 6064..6085, hits: 0)
- Statement (location: source ID 39, lines 156..157, bytes 6064..6085, hits: 0)
- Line (location: source ID 39, lines 157..158, bytes 6099..6148, hits: 0)
- Statement (location: source ID 39, lines 157..158, bytes 6099..6148, hits: 0)
- Statement (location: source ID 39, lines 157..158, bytes 6099..6111, hits: 0)
- Statement (location: source ID 39, lines 157..158, bytes 6115..6148, hits: 0)
- Branch (branch: 18, path: 0) (location: source ID 39, lines 157..158, bytes 6150..6176, hits: 0)
- Statement (location: source ID 39, lines 157..158, bytes 6150..6176, hits: 0)
- Line (location: source ID 39, lines 158..159, bytes 6190..6227, hits: 0)
- Statement (location: source ID 39, lines 158..159, bytes 6190..6227, hits: 0)
- Branch (branch: 19, path: 0) (location: source ID 39, lines 158..159, bytes 6229..6254, hits: 0)
- Statement (location: source ID 39, lines 158..159, bytes 6229..6254, hits: 0)
- Line (location: source ID 39, lines 160..161, bytes 6269..6324, hits: 0)
- Statement (location: source ID 39, lines 160..161, bytes 6269..6324, hits: 0)
- Statement (location: source ID 39, lines 160..161, bytes 6269..6301, hits: 0)
- Statement (location: source ID 39, lines 160..161, bytes 6305..6324, hits: 0)
- Branch (branch: 20, path: 0) (location: source ID 39, lines 160..165, bytes 6326..6573, hits: 0)
- Branch (branch: 20, path: 1) (location: source ID 39, lines 160..166, bytes 6265..6624, hits: 0)
- Line (location: source ID 39, lines 161..162, bytes 6340..6426, hits: 0)
- Statement (location: source ID 39, lines 161..162, bytes 6340..6426, hits: 0)
- Line (location: source ID 39, lines 162..163, bytes 6440..6486, hits: 0)
- Statement (location: source ID 39, lines 162..163, bytes 6440..6486, hits: 0)
- Line (location: source ID 39, lines 163..164, bytes 6500..6562, hits: 0)
- Statement (location: source ID 39, lines 163..164, bytes 6500..6562, hits: 0)
- Line (location: source ID 39, lines 165..166, bytes 6593..6674, hits: 0)
- Statement (location: source ID 39, lines 165..166, bytes 6593..6674, hits: 0)
- Line (location: source ID 39, lines 168..169, bytes 6695..6714, hits: 0)
- Statement (location: source ID 39, lines 168..169, bytes 6695..6714, hits: 0)
- Line (location: source ID 39, lines 169..170, bytes 6724..6775, hits: 0)
- Statement (location: source ID 39, lines 169..170, bytes 6724..6775, hits: 0)
- Line (location: source ID 39, lines 172..182, bytes 6788..7215, hits: 0)
- Function "removeListing" (location: source ID 39, lines 172..182, bytes 6788..7215, hits: 0)
- Line (location: source ID 39, lines 173..174, bytes 6846..6880, hits: 0)
- Statement (location: source ID 39, lines 173..174, bytes 6846..6880, hits: 0)
- Line (location: source ID 39, lines 174..175, bytes 6894..6940, hits: 0)
- Statement (location: source ID 39, lines 174..175, bytes 6894..6940, hits: 0)
- Statement (location: source ID 39, lines 174..175, bytes 6894..6905, hits: 0)
- Statement (location: source ID 39, lines 174..175, bytes 6909..6940, hits: 0)
- Branch (branch: 21, path: 0) (location: source ID 39, lines 174..175, bytes 6942..6963, hits: 0)
- Statement (location: source ID 39, lines 174..175, bytes 6942..6963, hits: 0)
- Line (location: source ID 39, lines 175..176, bytes 6977..6989, hits: 0)
- Statement (location: source ID 39, lines 175..176, bytes 6977..6989, hits: 0)
- Branch (branch: 22, path: 0) (location: source ID 39, lines 175..176, bytes 6991..7017, hits: 0)
- Statement (location: source ID 39, lines 175..176, bytes 6991..7017, hits: 0)
- Line (location: source ID 39, lines 176..177, bytes 7031..7056, hits: 0)
- Statement (location: source ID 39, lines 176..177, bytes 7031..7056, hits: 0)
- Branch (branch: 23, path: 0) (location: source ID 39, lines 176..177, bytes 7058..7080, hits: 0)
- Statement (location: source ID 39, lines 176..177, bytes 7058..7080, hits: 0)
- Line (location: source ID 39, lines 178..179, bytes 7091..7110, hits: 0)
- Statement (location: source ID 39, lines 178..179, bytes 7091..7110, hits: 0)
- Line (location: source ID 39, lines 179..180, bytes 7120..7171, hits: 0)
- Statement (location: source ID 39, lines 179..180, bytes 7120..7171, hits: 0)
- Line (location: source ID 39, lines 180..181, bytes 7181..7208, hits: 0)
- Statement (location: source ID 39, lines 180..181, bytes 7181..7208, hits: 0)
- Line (location: source ID 39, lines 183..187, bytes 7221..7411, hits: 0)
- Function "setFeeRecipient" (location: source ID 39, lines 183..187, bytes 7221..7411, hits: 0)
- Line (location: source ID 39, lines 184..185, bytes 7304..7333, hits: 0)
- Statement (location: source ID 39, lines 184..185, bytes 7304..7333, hits: 0)
- Branch (branch: 24, path: 0) (location: source ID 39, lines 184..185, bytes 7335..7363, hits: 0)
- Statement (location: source ID 39, lines 184..185, bytes 7335..7363, hits: 0)
- Line (location: source ID 39, lines 185..186, bytes 7373..7404, hits: 0)
- Statement (location: source ID 39, lines 185..186, bytes 7373..7404, hits: 0)
- Line (location: source ID 39, lines 188..192, bytes 7417..7603, hits: 0)
- Function "setFeePercentage" (location: source ID 39, lines 188..192, bytes 7417..7603, hits: 0)
- Line (location: source ID 39, lines 189..190, bytes 7501..7522, hits: 0)
- Statement (location: source ID 39, lines 189..190, bytes 7501..7522, hits: 0)
- Branch (branch: 25, path: 0) (location: source ID 39, lines 189..190, bytes 7524..7553, hits: 0)
- Statement (location: source ID 39, lines 189..190, bytes 7524..7553, hits: 0)
- Line (location: source ID 39, lines 190..191, bytes 7563..7596, hits: 0)
- Statement (location: source ID 39, lines 190..191, bytes 7563..7596, hits: 0)

Uncovered for src/RealWorldAsset.sol:

Anchors for Contract "StdInvariant" (solc 0.8.28, source ID 5):

Anchors for Contract "stdJson" (solc 0.8.28, source ID 6):

Anchors for Contract "MarketPlace" (solc 0.8.28, source ID 39):
- IC 5 -> Item 59
- Runtime code
  - Refers to item: Line (location: source ID 39, lines 54..61, bytes 1893..2270, hits: 0)
- IC 5 -> Item 60
- Runtime code
  - Refers to item: Function "constructor" (location: source ID 39, lines 54..61, bytes 1893..2270, hits: 0)
- IC 179 -> Item 61
- Runtime code
  - Refers to item: Line (location: source ID 39, lines 55..56, bytes 2003..2052, hits: 0)
- IC 179 -> Item 62
- Runtime code
  - Refers to item: Statement (location: source ID 39, lines 55..56, bytes 2003..2052, hits: 0)
- IC 243 -> Item 63
- Runtime code
  - Refers to item: Line (location: source ID 39, lines 56..57, bytes 2062..2090, hits: 0)
- IC 243 -> Item 64
- Runtime code
  - Refers to item: Statement (location: source ID 39, lines 56..57, bytes 2062..2090, hits: 0)
- IC 307 -> Item 65
- Runtime code
  - Refers to item: Line (location: source ID 39, lines 57..58, bytes 2100..2130, hits: 0)
- IC 307 -> Item 66
- Runtime code
  - Refers to item: Statement (location: source ID 39, lines 57..58, bytes 2100..2130, hits: 0)
- IC 335 -> Item 67
- Runtime code
  - Refers to item: Line (location: source ID 39, lines 58..59, bytes 2144..2170, hits: 0)
- IC 335 -> Item 68
- Runtime code
  - Refers to item: Statement (location: source ID 39, lines 58..59, bytes 2144..2170, hits: 0)
- IC 386 -> Item 69
- Runtime code
  - Refers to item: Branch (branch: 0, path: 0) (location: source ID 39, lines 58..59, bytes 2172..2200, hits: 0)
- IC 386 -> Item 70
- Runtime code
  - Refers to item: Statement (location: source ID 39, lines 58..59, bytes 2172..2200, hits: 0)
- IC 436 -> Item 71
- Runtime code
  - Refers to item: Line (location: source ID 39, lines 59..60, bytes 2214..2232, hits: 0)
- IC 436 -> Item 72
- Runtime code
  - Refers to item: Statement (location: source ID 39, lines 59..60, bytes 2214..2232, hits: 0)
- IC 449 -> Item 73
- Runtime code
  - Refers to item: Branch (branch: 1, path: 0) (location: source ID 39, lines 59..60, bytes 2234..2263, hits: 0)
- IC 449 -> Item 74
- Runtime code
  - Refers to item: Statement (location: source ID 39, lines 59..60, bytes 2234..2263, hits: 0)
- IC 459 -> Item 75
- Creation code
  - Refers to item: Line (location: source ID 39, lines 62..84, bytes 2276..3116, hits: 0)
- IC 459 -> Item 76
- Creation code
  - Refers to item: Function "listAssetFixedPrice" (location: source ID 39, lines 62..84, bytes 2276..3116, hits: 0)
- IC 5225 -> Item 77
- Creation code
  - Refers to item: Line (location: source ID 39, lines 68..69, bytes 2457..2483, hits: 0)
- IC 5225 -> Item 78
- Creation code
  - Refers to item: Statement (location: source ID 39, lines 68..69, bytes 2457..2483, hits: 0)
- IC 5276 -> Item 79
- Creation code
  - Refers to item: Branch (branch: 2, path: 0) (location: source ID 39, lines 68..69, bytes 2485..2509, hits: 0)
- IC 5276 -> Item 80
- Creation code
  - Refers to item: Statement (location: source ID 39, lines 68..69, bytes 2485..2509, hits: 0)
- IC 5326 -> Item 81
- Creation code
  - Refers to item: Line (location: source ID 39, lines 69..70, bytes 2523..2560, hits: 0)
- IC 5326 -> Item 82
- Creation code
  - Refers to item: Statement (location: source ID 39, lines 69..70, bytes 2523..2560, hits: 0)
- IC 5341 -> Item 83
- Creation code
  - Refers to item: Branch (branch: 3, path: 0) (location: source ID 39, lines 69..70, bytes 2562..2588, hits: 0)
- IC 5341 -> Item 84
- Creation code
  - Refers to item: Statement (location: source ID 39, lines 69..70, bytes 2562..2588, hits: 0)
- IC 5391 -> Item 85
- Creation code
  - Refers to item: Line (location: source ID 39, lines 70..71, bytes 2602..2647, hits: 0)
- IC 5391 -> Item 86
- Creation code
  - Refers to item: Statement (location: source ID 39, lines 70..71, bytes 2602..2647, hits: 0)
- IC 5391 -> Item 87
- Creation code
  - Refers to item: Statement (location: source ID 39, lines 70..71, bytes 2602..2633, hits: 0)
- IC 5437 -> Item 88
- Creation code
  - Refers to item: Statement (location: source ID 39, lines 70..71, bytes 2637..2647, hits: 0)
- IC 5447 -> Item 89
- Creation code
  - Refers to item: Branch (branch: 4, path: 0) (location: source ID 39, lines 70..71, bytes 2649..2670, hits: 0)
- IC 5447 -> Item 90
- Creation code
  - Refers to item: Statement (location: source ID 39, lines 70..71, bytes 2649..2670, hits: 0)
- IC 5496 -> Item 91
- Creation code
  - Refers to item: Line (location: source ID 39, lines 71..72, bytes 2680..2694, hits: 0)
- IC 5496 -> Item 92
- Creation code
  - Refers to item: Statement (location: source ID 39, lines 71..72, bytes 2680..2694, hits: 0)
- IC 5519 -> Item 93
- Creation code
  - Refers to item: Line (location: source ID 39, lines 72..73, bytes 2704..2744, hits: 0)
- IC 5519 -> Item 94
- Creation code
  - Refers to item: Statement (location: source ID 39, lines 72..73, bytes 2704..2744, hits: 0)
- IC 5541 -> Item 95
- Creation code
  - Refers to item: Line (location: source ID 39, lines 73..74, bytes 2754..2786, hits: 0)
- IC 5541 -> Item 96
- Creation code
  - Refers to item: Statement (location: source ID 39, lines 73..74, bytes 2754..2786, hits: 0)
- IC 5606 -> Item 97
- Creation code
  - Refers to item: Line (location: source ID 39, lines 74..75, bytes 2796..2820, hits: 0)
- IC 5606 -> Item 98
- Creation code
  - Refers to item: Statement (location: source ID 39, lines 74..75, bytes 2796..2820, hits: 0)
- IC 5672 -> Item 99
- Creation code
  - Refers to item: Line (location: source ID 39, lines 75..76, bytes 2830..2854, hits: 0)
- IC 5672 -> Item 100
- Creation code
  - Refers to item: Statement (location: source ID 39, lines 75..76, bytes 2830..2854, hits: 0)
- IC 5716 -> Item 101
- Creation code
  - Refers to item: Line (location: source ID 39, lines 76..77, bytes 2864..2882, hits: 0)
- IC 5716 -> Item 102
- Creation code
  - Refers to item: Statement (location: source ID 39, lines 76..77, bytes 2864..2882, hits: 0)
- IC 5725 -> Item 103
- Creation code
  - Refers to item: Line (location: source ID 39, lines 77..78, bytes 2892..2914, hits: 0)
- IC 5725 -> Item 104
- Creation code
  - Refers to item: Statement (location: source ID 39, lines 77..78, bytes 2892..2914, hits: 0)
- IC 5734 -> Item 105
- Creation code
  - Refers to item: Line (location: source ID 39, lines 78..79, bytes 2924..2942, hits: 0)
- IC 5734 -> Item 106
- Creation code
  - Refers to item: Statement (location: source ID 39, lines 78..79, bytes 2924..2942, hits: 0)
- IC 5763 -> Item 107
- Creation code
  - Refers to item: Line (location: source ID 39, lines 79..80, bytes 2952..3001, hits: 0)
- IC 5763 -> Item 108
- Creation code
  - Refers to item: Statement (location: source ID 39, lines 79..80, bytes 2952..3001, hits: 0)
- IC 5846 -> Item 109
- Creation code
  - Refers to item: Line (location: source ID 39, lines 81..82, bytes 3012..3080, hits: 0)
- IC 5846 -> Item 110
- Creation code
  - Refers to item: Statement (location: source ID 39, lines 81..82, bytes 3012..3080, hits: 0)
- IC 5952 -> Item 111
- Creation code
  - Refers to item: Line (location: source ID 39, lines 82..83, bytes 3090..3109, hits: 0)
- IC 5952 -> Item 112
- Creation code
  - Refers to item: Statement (location: source ID 39, lines 82..83, bytes 3090..3109, hits: 0)
- IC 159 -> Item 113
- Creation code
  - Refers to item: Line (location: source ID 39, lines 85..111, bytes 3122..4153, hits: 0)
- IC 159 -> Item 114
- Creation code
  - Refers to item: Function "listAssetAuction" (location: source ID 39, lines 85..111, bytes 3122..4153, hits: 0)
- IC 601 -> Item 115
- Creation code
  - Refers to item: Line (location: source ID 39, lines 92..93, bytes 3346..3372, hits: 0)
- IC 601 -> Item 116
- Creation code
  - Refers to item: Statement (location: source ID 39, lines 92..93, bytes 3346..3372, hits: 0)
- IC 652 -> Item 117
- Creation code
  - Refers to item: Branch (branch: 5, path: 0) (location: source ID 39, lines 92..93, bytes 3374..3398, hits: 0)
- IC 652 -> Item 118
- Creation code
  - Refers to item: Statement (location: source ID 39, lines 92..93, bytes 3374..3398, hits: 0)
- IC 702 -> Item 119
- Creation code
  - Refers to item: Line (location: source ID 39, lines 93..94, bytes 3412..3449, hits: 0)
- IC 702 -> Item 120
- Creation code
  - Refers to item: Statement (location: source ID 39, lines 93..94, bytes 3412..3449, hits: 0)
- IC 717 -> Item 121
- Creation code
  - Refers to item: Branch (branch: 6, path: 0) (location: source ID 39, lines 93..94, bytes 3451..3477, hits: 0)
- IC 717 -> Item 122
- Creation code
  - Refers to item: Statement (location: source ID 39, lines 93..94, bytes 3451..3477, hits: 0)
- IC 767 -> Item 123
- Creation code
  - Refers to item: Line (location: source ID 39, lines 94..95, bytes 3491..3570, hits: 0)
- IC 767 -> Item 124
- Creation code
  - Refers to item: Statement (location: source ID 39, lines 94..95, bytes 3491..3570, hits: 0)
- IC 767 -> Item 125
- Creation code
  - Refers to item: Statement (location: source ID 39, lines 94..95, bytes 3491..3541, hits: 0)
- IC 767 -> Item 126
- Creation code
  - Refers to item: Statement (location: source ID 39, lines 94..95, bytes 3491..3519, hits: 0)
- IC 813 -> Item 127
- Creation code
  - Refers to item: Statement (location: source ID 39, lines 94..95, bytes 3523..3541, hits: 0)
- IC 824 -> Item 128
- Creation code
  - Refers to item: Statement (location: source ID 39, lines 94..95, bytes 3545..3570, hits: 0)
- IC 834 -> Item 129
- Creation code
  - Refers to item: Branch (branch: 7, path: 0) (location: source ID 39, lines 94..95, bytes 3572..3593, hits: 0)
- IC 834 -> Item 130
- Creation code
  - Refers to item: Statement (location: source ID 39, lines 94..95, bytes 3572..3593, hits: 0)
- IC 883 -> Item 131
- Creation code
  - Refers to item: Line (location: source ID 39, lines 97..98, bytes 3621..3635, hits: 0)
- IC 883 -> Item 132
- Creation code
  - Refers to item: Statement (location: source ID 39, lines 97..98, bytes 3621..3635, hits: 0)
- IC 906 -> Item 133
- Creation code
  - Refers to item: Line (location: source ID 39, lines 98..99, bytes 3645..3685, hits: 0)
- IC 906 -> Item 134
- Creation code
  - Refers to item: Statement (location: source ID 39, lines 98..99, bytes 3645..3685, hits: 0)
- IC 928 -> Item 135
- Creation code
  - Refers to item: Line (location: source ID 39, lines 99..100, bytes 3695..3727, hits: 0)
- IC 928 -> Item 136
- Creation code
  - Refers to item: Statement (location: source ID 39, lines 99..100, bytes 3695..3727, hits: 0)
- IC 993 -> Item 137
- Creation code
  - Refers to item: Line (location: source ID 39, lines 100..101, bytes 3737..3761, hits: 0)
- IC 993 -> Item 138
- Creation code
  - Refers to item: Statement (location: source ID 39, lines 100..101, bytes 3737..3761, hits: 0)
- IC 1059 -> Item 139
- Creation code
  - Refers to item: Line (location: source ID 39, lines 101..102, bytes 3771..3795, hits: 0)
- IC 1059 -> Item 140
- Creation code
  - Refers to item: Statement (location: source ID 39, lines 101..102, bytes 3771..3795, hits: 0)
- IC 1103 -> Item 141
- Creation code
  - Refers to item: Line (location: source ID 39, lines 102..103, bytes 3805..3831, hits: 0)
- IC 1103 -> Item 142
- Creation code
  - Refers to item: Statement (location: source ID 39, lines 102..103, bytes 3805..3831, hits: 0)
- IC 1112 -> Item 143
- Creation code
  - Refers to item: Line (location: source ID 39, lines 103..104, bytes 3841..3911, hits: 0)
- IC 1112 -> Item 144
- Creation code
  - Refers to item: Statement (location: source ID 39, lines 103..104, bytes 3841..3911, hits: 0)
- IC 1145 -> Item 145
- Creation code
  - Refers to item: Line (location: source ID 39, lines 104..105, bytes 3921..3943, hits: 0)
- IC 1145 -> Item 146
- Creation code
  - Refers to item: Statement (location: source ID 39, lines 104..105, bytes 3921..3943, hits: 0)
- IC 1154 -> Item 147
- Creation code
  - Refers to item: Line (location: source ID 39, lines 105..106, bytes 3953..3971, hits: 0)
- IC 1154 -> Item 148
- Creation code
  - Refers to item: Statement (location: source ID 39, lines 105..106, bytes 3953..3971, hits: 0)
- IC 1183 -> Item 149
- Creation code
  - Refers to item: Line (location: source ID 39, lines 106..107, bytes 3981..4030, hits: 0)
- IC 1183 -> Item 150
- Creation code
  - Refers to item: Statement (location: source ID 39, lines 106..107, bytes 3981..4030, hits: 0)
- IC 1266 -> Item 151
- Creation code
  - Refers to item: Line (location: source ID 39, lines 108..109, bytes 4041..4117, hits: 0)
- IC 1266 -> Item 152
- Creation code
  - Refers to item: Statement (location: source ID 39, lines 108..109, bytes 4041..4117, hits: 0)
- IC 1372 -> Item 153
- Creation code
  - Refers to item: Line (location: source ID 39, lines 109..110, bytes 4127..4146, hits: 0)
- IC 1372 -> Item 154
- Creation code
  - Refers to item: Statement (location: source ID 39, lines 109..110, bytes 4127..4146, hits: 0)
- IC 6273 -> Item 155
- Creation code
  - Refers to item: Line (location: source ID 39, lines 112..115, bytes 4159..4314, hits: 0)
- IC 6273 -> Item 156
- Creation code
  - Refers to item: Function "_isAssetListed" (location: source ID 39, lines 112..115, bytes 4159..4314, hits: 0)
- IC 6275 -> Item 157
- Creation code
  - Refers to item: Line (location: source ID 39, lines 113..114, bytes 4261..4307, hits: 0)
- IC 6275 -> Item 158
- Creation code
  - Refers to item: Statement (location: source ID 39, lines 113..114, bytes 4261..4307, hits: 0)
- IC 6275 -> Item 159
- Creation code
  - Refers to item: Statement (location: source ID 39, lines 113..114, bytes 4268..4307, hits: 0)
- IC 391 -> Item 160
- Creation code
  - Refers to item: Line (location: source ID 39, lines 116..136, bytes 4320..5217, hits: 0)
- IC 391 -> Item 161
- Creation code
  - Refers to item: Function "purchaseAsset" (location: source ID 39, lines 116..136, bytes 4320..5217, hits: 0)
- IC 2892 -> Item 162
- Creation code
  - Refers to item: Line (location: source ID 39, lines 117..118, bytes 4386..4420, hits: 0)
- IC 2892 -> Item 163
- Creation code
  - Refers to item: Statement (location: source ID 39, lines 117..118, bytes 4386..4420, hits: 0)
- IC 2912 -> Item 164
- Creation code
  - Refers to item: Line (location: source ID 39, lines 118..119, bytes 4434..4480, hits: 0)
- IC 2912 -> Item 165
- Creation code
  - Refers to item: Statement (location: source ID 39, lines 118..119, bytes 4434..4480, hits: 0)
- IC 2912 -> Item 166
- Creation code
  - Refers to item: Statement (location: source ID 39, lines 118..119, bytes 4434..4445, hits: 0)
- IC 2921 -> Item 167
- Creation code
  - Refers to item: Statement (location: source ID 39, lines 118..119, bytes 4449..4480, hits: 0)
- IC 3008 -> Item 168
- Creation code
  - Refers to item: Branch (branch: 8, path: 0) (location: source ID 39, lines 118..119, bytes 4482..4503, hits: 0)
- IC 3008 -> Item 169
- Creation code
  - Refers to item: Statement (location: source ID 39, lines 118..119, bytes 4482..4503, hits: 0)
- IC 3058 -> Item 170
- Creation code
  - Refers to item: Line (location: source ID 39, lines 119..120, bytes 4517..4529, hits: 0)
- IC 3058 -> Item 171
- Creation code
  - Refers to item: Statement (location: source ID 39, lines 119..120, bytes 4517..4529, hits: 0)
- IC 3080 -> Item 172
- Creation code
  - Refers to item: Branch (branch: 9, path: 0) (location: source ID 39, lines 119..120, bytes 4531..4557, hits: 0)
- IC 3080 -> Item 173
- Creation code
  - Refers to item: Statement (location: source ID 39, lines 119..120, bytes 4531..4557, hits: 0)
- IC 3130 -> Item 174
- Creation code
  - Refers to item: Line (location: source ID 39, lines 120..121, bytes 4571..4607, hits: 0)
- IC 3130 -> Item 175
- Creation code
  - Refers to item: Statement (location: source ID 39, lines 120..121, bytes 4571..4607, hits: 0)
- IC 3190 -> Item 176
- Creation code
  - Refers to item: Branch (branch: 10, path: 0) (location: source ID 39, lines 120..121, bytes 4609..4633, hits: 0)
- IC 3190 -> Item 177
- Creation code
  - Refers to item: Statement (location: source ID 39, lines 120..121, bytes 4609..4633, hits: 0)
- IC 3240 -> Item 178
- Creation code
  - Refers to item: Line (location: source ID 39, lines 121..122, bytes 4647..4669, hits: 0)
- IC 3240 -> Item 179
- Creation code
  - Refers to item: Statement (location: source ID 39, lines 121..122, bytes 4647..4669, hits: 0)
- IC 3252 -> Item 180
- Creation code
  - Refers to item: Branch (branch: 11, path: 0) (location: source ID 39, lines 121..122, bytes 4671..4692, hits: 0)
- IC 3252 -> Item 181
- Creation code
  - Refers to item: Statement (location: source ID 39, lines 121..122, bytes 4671..4692, hits: 0)
- IC 3301 -> Item 182
- Creation code
  - Refers to item: Line (location: source ID 39, lines 123..124, bytes 4703..4781, hits: 0)
- IC 3301 -> Item 183
- Creation code
  - Refers to item: Statement (location: source ID 39, lines 123..124, bytes 4703..4781, hits: 0)
- IC 3480 -> Item 184
- Creation code
  - Refers to item: Line (location: source ID 39, lines 126..127, bytes 4855..4904, hits: 0)
- IC 3480 -> Item 185
- Creation code
  - Refers to item: Statement (location: source ID 39, lines 126..127, bytes 4855..4904, hits: 0)
- IC 3481 -> Item 186
- Creation code
  - Refers to item: Statement (location: source ID 39, lines 126..127, bytes 4869..4904, hits: 0)
- IC 3530 -> Item 187
- Creation code
  - Refers to item: Line (location: source ID 39, lines 127..128, bytes 4914..4950, hits: 0)
- IC 3530 -> Item 188
- Creation code
  - Refers to item: Statement (location: source ID 39, lines 127..128, bytes 4914..4950, hits: 0)
- IC 3631 -> Item 189
- Creation code
  - Refers to item: Line (location: source ID 39, lines 130..131, bytes 5016..5063, hits: 0)
- IC 3631 -> Item 190
- Creation code
  - Refers to item: Statement (location: source ID 39, lines 130..131, bytes 5016..5063, hits: 0)
- IC 3749 -> Item 191
- Creation code
  - Refers to item: Line (location: source ID 39, lines 132..133, bytes 5074..5093, hits: 0)
- IC 3749 -> Item 192
- Creation code
  - Refers to item: Statement (location: source ID 39, lines 132..133, bytes 5074..5093, hits: 0)
- IC 3777 -> Item 193
- Creation code
  - Refers to item: Line (location: source ID 39, lines 133..134, bytes 5103..5154, hits: 0)
- IC 3777 -> Item 194
- Creation code
  - Refers to item: Statement (location: source ID 39, lines 133..134, bytes 5103..5154, hits: 0)
- IC 3894 -> Item 195
- Creation code
  - Refers to item: Line (location: source ID 39, lines 134..135, bytes 5164..5210, hits: 0)
- IC 3894 -> Item 196
- Creation code
  - Refers to item: Statement (location: source ID 39, lines 134..135, bytes 5164..5210, hits: 0)
- IC 363 -> Item 197
- Creation code
  - Refers to item: Line (location: source ID 39, lines 137..153, bytes 5223..5907, hits: 0)
- IC 363 -> Item 198
- Creation code
  - Refers to item: Function "placeBid" (location: source ID 39, lines 137..153, bytes 5223..5907, hits: 0)
- IC 2115 -> Item 199
- Creation code
  - Refers to item: Line (location: source ID 39, lines 138..139, bytes 5284..5318, hits: 0)
- IC 2115 -> Item 200
- Creation code
  - Refers to item: Statement (location: source ID 39, lines 138..139, bytes 5284..5318, hits: 0)
- IC 2135 -> Item 201
- Creation code
  - Refers to item: Line (location: source ID 39, lines 139..140, bytes 5332..5378, hits: 0)
- IC 2135 -> Item 202
- Creation code
  - Refers to item: Statement (location: source ID 39, lines 139..140, bytes 5332..5378, hits: 0)
- IC 2135 -> Item 203
- Creation code
  - Refers to item: Statement (location: source ID 39, lines 139..140, bytes 5332..5343, hits: 0)
- IC 2144 -> Item 204
- Creation code
  - Refers to item: Statement (location: source ID 39, lines 139..140, bytes 5347..5378, hits: 0)
- IC 2231 -> Item 205
- Creation code
  - Refers to item: Branch (branch: 12, path: 0) (location: source ID 39, lines 139..140, bytes 5380..5401, hits: 0)
- IC 2231 -> Item 206
- Creation code
  - Refers to item: Statement (location: source ID 39, lines 139..140, bytes 5380..5401, hits: 0)
- IC 2281 -> Item 207
- Creation code
  - Refers to item: Line (location: source ID 39, lines 140..141, bytes 5415..5464, hits: 0)
- IC 2281 -> Item 208
- Creation code
  - Refers to item: Statement (location: source ID 39, lines 140..141, bytes 5415..5464, hits: 0)
- IC 2281 -> Item 209
- Creation code
  - Refers to item: Statement (location: source ID 39, lines 140..141, bytes 5415..5427, hits: 0)
- IC 2306 -> Item 210
- Creation code
  - Refers to item: Statement (location: source ID 39, lines 140..141, bytes 5431..5464, hits: 0)
- IC 2369 -> Item 211
- Creation code
  - Refers to item: Branch (branch: 13, path: 0) (location: source ID 39, lines 140..141, bytes 5466..5492, hits: 0)
- IC 2369 -> Item 212
- Creation code
  - Refers to item: Statement (location: source ID 39, lines 140..141, bytes 5466..5492, hits: 0)
- IC 2419 -> Item 213
- Creation code
  - Refers to item: Line (location: source ID 39, lines 141..142, bytes 5506..5544, hits: 0)
- IC 2419 -> Item 214
- Creation code
  - Refers to item: Statement (location: source ID 39, lines 141..142, bytes 5506..5544, hits: 0)
- IC 2430 -> Item 215
- Creation code
  - Refers to item: Branch (branch: 14, path: 0) (location: source ID 39, lines 141..142, bytes 5546..5574, hits: 0)
- IC 2430 -> Item 216
- Creation code
  - Refers to item: Statement (location: source ID 39, lines 141..142, bytes 5546..5574, hits: 0)
- IC 2480 -> Item 217
- Creation code
  - Refers to item: Line (location: source ID 39, lines 142..143, bytes 5588..5616, hits: 0)
- IC 2480 -> Item 218
- Creation code
  - Refers to item: Statement (location: source ID 39, lines 142..143, bytes 5588..5616, hits: 0)
- IC 2491 -> Item 219
- Creation code
  - Refers to item: Branch (branch: 15, path: 0) (location: source ID 39, lines 142..143, bytes 5618..5639, hits: 0)
- IC 2491 -> Item 220
- Creation code
  - Refers to item: Statement (location: source ID 39, lines 142..143, bytes 5618..5639, hits: 0)
- IC 2540 -> Item 221
- Creation code
  - Refers to item: Line (location: source ID 39, lines 144..145, bytes 5654..5686, hits: 0)
- IC 2540 -> Item 222
- Creation code
  - Refers to item: Statement (location: source ID 39, lines 144..145, bytes 5654..5686, hits: 0)
- IC 2626 -> Item 223
- Creation code
  - Refers to item: Branch (branch: 16, path: 0) (location: source ID 39, lines 144..147, bytes 5688..5766, hits: 0)
- IC 2626 -> Item 224
- Creation code
  - Refers to item: Line (location: source ID 39, lines 145..146, bytes 5702..5755, hits: 0)
- IC 2626 -> Item 225
- Creation code
  - Refers to item: Statement (location: source ID 39, lines 145..146, bytes 5702..5755, hits: 0)
- IC 2734 -> Item 226
- Creation code
  - Refers to item: Line (location: source ID 39, lines 148..149, bytes 5776..5803, hits: 0)
- IC 2734 -> Item 227
- Creation code
  - Refers to item: Statement (location: source ID 39, lines 148..149, bytes 5776..5803, hits: 0)
- IC 2743 -> Item 228
- Creation code
  - Refers to item: Line (location: source ID 39, lines 149..150, bytes 5813..5844, hits: 0)
- IC 2743 -> Item 229
- Creation code
  - Refers to item: Statement (location: source ID 39, lines 149..150, bytes 5813..5844, hits: 0)
- IC 2809 -> Item 230
- Creation code
  - Refers to item: Line (location: source ID 39, lines 151..152, bytes 5855..5900, hits: 0)
- IC 2809 -> Item 231
- Creation code
  - Refers to item: Statement (location: source ID 39, lines 151..152, bytes 5855..5900, hits: 0)
- IC 419 -> Item 232
- Creation code
  - Refers to item: Line (location: source ID 39, lines 154..171, bytes 5913..6782, hits: 0)
- IC 419 -> Item 233
- Creation code
  - Refers to item: Function "endAuction" (location: source ID 39, lines 154..171, bytes 5913..6782, hits: 0)
- IC 3982 -> Item 234
- Creation code
  - Refers to item: Line (location: source ID 39, lines 155..156, bytes 5968..6002, hits: 0)
- IC 3982 -> Item 235
- Creation code
  - Refers to item: Statement (location: source ID 39, lines 155..156, bytes 5968..6002, hits: 0)
- IC 4002 -> Item 236
- Creation code
  - Refers to item: Line (location: source ID 39, lines 156..157, bytes 6016..6062, hits: 0)
- IC 4002 -> Item 237
- Creation code
  - Refers to item: Statement (location: source ID 39, lines 156..157, bytes 6016..6062, hits: 0)
- IC 4002 -> Item 238
- Creation code
  - Refers to item: Statement (location: source ID 39, lines 156..157, bytes 6016..6027, hits: 0)
- IC 4011 -> Item 239
- Creation code
  - Refers to item: Statement (location: source ID 39, lines 156..157, bytes 6031..6062, hits: 0)
- IC 4098 -> Item 240
- Creation code
  - Refers to item: Branch (branch: 17, path: 0) (location: source ID 39, lines 156..157, bytes 6064..6085, hits: 0)
- IC 4098 -> Item 241
- Creation code
  - Refers to item: Statement (location: source ID 39, lines 156..157, bytes 6064..6085, hits: 0)
- IC 4148 -> Item 242
- Creation code
  - Refers to item: Line (location: source ID 39, lines 157..158, bytes 6099..6148, hits: 0)
- IC 4148 -> Item 243
- Creation code
  - Refers to item: Statement (location: source ID 39, lines 157..158, bytes 6099..6148, hits: 0)
- IC 4148 -> Item 244
- Creation code
  - Refers to item: Statement (location: source ID 39, lines 157..158, bytes 6099..6111, hits: 0)
- IC 4173 -> Item 245
- Creation code
  - Refers to item: Statement (location: source ID 39, lines 157..158, bytes 6115..6148, hits: 0)
- IC 4236 -> Item 246
- Creation code
  - Refers to item: Branch (branch: 18, path: 0) (location: source ID 39, lines 157..158, bytes 6150..6176, hits: 0)
- IC 4236 -> Item 247
- Creation code
  - Refers to item: Statement (location: source ID 39, lines 157..158, bytes 6150..6176, hits: 0)
- IC 4286 -> Item 248
- Creation code
  - Refers to item: Line (location: source ID 39, lines 158..159, bytes 6190..6227, hits: 0)
- IC 4286 -> Item 249
- Creation code
  - Refers to item: Statement (location: source ID 39, lines 158..159, bytes 6190..6227, hits: 0)
- IC 4298 -> Item 250
- Creation code
  - Refers to item: Branch (branch: 19, path: 0) (location: source ID 39, lines 158..159, bytes 6229..6254, hits: 0)
- IC 4298 -> Item 251
- Creation code
  - Refers to item: Statement (location: source ID 39, lines 158..159, bytes 6229..6254, hits: 0)
- IC 4348 -> Item 252
- Creation code
  - Refers to item: Line (location: source ID 39, lines 160..161, bytes 6269..6324, hits: 0)
- IC 4348 -> Item 253
- Creation code
  - Refers to item: Statement (location: source ID 39, lines 160..161, bytes 6269..6324, hits: 0)
- IC 4348 -> Item 254
- Creation code
  - Refers to item: Statement (location: source ID 39, lines 160..161, bytes 6269..6301, hits: 0)
- IC 4438 -> Item 255
- Creation code
  - Refers to item: Statement (location: source ID 39, lines 160..161, bytes 6305..6324, hits: 0)
- IC 4451 -> Item 256
- Creation code
  - Refers to item: Branch (branch: 20, path: 0) (location: source ID 39, lines 160..165, bytes 6326..6573, hits: 0)
- IC 5069 -> Item 257
- Creation code
  - Refers to item: Branch (branch: 20, path: 1) (location: source ID 39, lines 160..166, bytes 6265..6624, hits: 0)
- IC 4451 -> Item 258
- Creation code
  - Refers to item: Line (location: source ID 39, lines 161..162, bytes 6340..6426, hits: 0)
- IC 4451 -> Item 259
- Creation code
  - Refers to item: Statement (location: source ID 39, lines 161..162, bytes 6340..6426, hits: 0)
- IC 4665 -> Item 260
- Creation code
  - Refers to item: Line (location: source ID 39, lines 162..163, bytes 6440..6486, hits: 0)
- IC 4665 -> Item 261
- Creation code
  - Refers to item: Statement (location: source ID 39, lines 162..163, bytes 6440..6486, hits: 0)
- IC 4772 -> Item 262
- Creation code
  - Refers to item: Line (location: source ID 39, lines 163..164, bytes 6500..6562, hits: 0)
- IC 4772 -> Item 263
- Creation code
  - Refers to item: Statement (location: source ID 39, lines 163..164, bytes 6500..6562, hits: 0)
- IC 4895 -> Item 264
- Creation code
  - Refers to item: Line (location: source ID 39, lines 165..166, bytes 6593..6674, hits: 0)
- IC 4895 -> Item 265
- Creation code
  - Refers to item: Statement (location: source ID 39, lines 165..166, bytes 6593..6674, hits: 0)
- IC 5075 -> Item 266
- Creation code
  - Refers to item: Line (location: source ID 39, lines 168..169, bytes 6695..6714, hits: 0)
- IC 5075 -> Item 267
- Creation code
  - Refers to item: Statement (location: source ID 39, lines 168..169, bytes 6695..6714, hits: 0)
- IC 5103 -> Item 268
- Creation code
  - Refers to item: Line (location: source ID 39, lines 169..170, bytes 6724..6775, hits: 0)
- IC 5103 -> Item 269
- Creation code
  - Refers to item: Statement (location: source ID 39, lines 169..170, bytes 6724..6775, hits: 0)
- IC 259 -> Item 270
- Creation code
  - Refers to item: Line (location: source ID 39, lines 172..182, bytes 6788..7215, hits: 0)
- IC 259 -> Item 271
- Creation code
  - Refers to item: Function "removeListing" (location: source ID 39, lines 172..182, bytes 6788..7215, hits: 0)
- IC 1489 -> Item 272
- Creation code
  - Refers to item: Line (location: source ID 39, lines 173..174, bytes 6846..6880, hits: 0)
- IC 1489 -> Item 273
- Creation code
  - Refers to item: Statement (location: source ID 39, lines 173..174, bytes 6846..6880, hits: 0)
- IC 1509 -> Item 274
- Creation code
  - Refers to item: Line (location: source ID 39, lines 174..175, bytes 6894..6940, hits: 0)
- IC 1509 -> Item 275
- Creation code
  - Refers to item: Statement (location: source ID 39, lines 174..175, bytes 6894..6940, hits: 0)
- IC 1509 -> Item 276
- Creation code
  - Refers to item: Statement (location: source ID 39, lines 174..175, bytes 6894..6905, hits: 0)
- IC 1518 -> Item 277
- Creation code
  - Refers to item: Statement (location: source ID 39, lines 174..175, bytes 6909..6940, hits: 0)
- IC 1605 -> Item 278
- Creation code
  - Refers to item: Branch (branch: 21, path: 0) (location: source ID 39, lines 174..175, bytes 6942..6963, hits: 0)
- IC 1605 -> Item 279
- Creation code
  - Refers to item: Statement (location: source ID 39, lines 174..175, bytes 6942..6963, hits: 0)
- IC 1655 -> Item 280
- Creation code
  - Refers to item: Line (location: source ID 39, lines 175..176, bytes 6977..6989, hits: 0)
- IC 1655 -> Item 281
- Creation code
  - Refers to item: Statement (location: source ID 39, lines 175..176, bytes 6977..6989, hits: 0)
- IC 1677 -> Item 282
- Creation code
  - Refers to item: Branch (branch: 22, path: 0) (location: source ID 39, lines 175..176, bytes 6991..7017, hits: 0)
- IC 1677 -> Item 283
- Creation code
  - Refers to item: Statement (location: source ID 39, lines 175..176, bytes 6991..7017, hits: 0)
- IC 1727 -> Item 284
- Creation code
  - Refers to item: Line (location: source ID 39, lines 176..177, bytes 7031..7056, hits: 0)
- IC 1727 -> Item 285
- Creation code
  - Refers to item: Statement (location: source ID 39, lines 176..177, bytes 7031..7056, hits: 0)
- IC 1813 -> Item 286
- Creation code
  - Refers to item: Branch (branch: 23, path: 0) (location: source ID 39, lines 176..177, bytes 7058..7080, hits: 0)
- IC 1813 -> Item 287
- Creation code
  - Refers to item: Statement (location: source ID 39, lines 176..177, bytes 7058..7080, hits: 0)
- IC 1863 -> Item 288
- Creation code
  - Refers to item: Line (location: source ID 39, lines 178..179, bytes 7091..7110, hits: 0)
- IC 1863 -> Item 289
- Creation code
  - Refers to item: Statement (location: source ID 39, lines 178..179, bytes 7091..7110, hits: 0)
- IC 1891 -> Item 290
- Creation code
  - Refers to item: Line (location: source ID 39, lines 179..180, bytes 7120..7171, hits: 0)
- IC 1891 -> Item 291
- Creation code
  - Refers to item: Statement (location: source ID 39, lines 179..180, bytes 7120..7171, hits: 0)
- IC 2008 -> Item 292
- Creation code
  - Refers to item: Line (location: source ID 39, lines 180..181, bytes 7181..7208, hits: 0)
- IC 2008 -> Item 293
- Creation code
  - Refers to item: Statement (location: source ID 39, lines 180..181, bytes 7181..7208, hits: 0)
- IC 519 -> Item 294
- Creation code
  - Refers to item: Line (location: source ID 39, lines 183..187, bytes 7221..7411, hits: 0)
- IC 519 -> Item 295
- Creation code
  - Refers to item: Function "setFeeRecipient" (location: source ID 39, lines 183..187, bytes 7221..7411, hits: 0)
- IC 5974 -> Item 296
- Creation code
  - Refers to item: Line (location: source ID 39, lines 184..185, bytes 7304..7333, hits: 0)
- IC 5974 -> Item 297
- Creation code
  - Refers to item: Statement (location: source ID 39, lines 184..185, bytes 7304..7333, hits: 0)
- IC 6025 -> Item 298
- Creation code
  - Refers to item: Branch (branch: 24, path: 0) (location: source ID 39, lines 184..185, bytes 7335..7363, hits: 0)
- IC 6025 -> Item 299
- Creation code
  - Refers to item: Statement (location: source ID 39, lines 184..185, bytes 7335..7363, hits: 0)
- IC 6075 -> Item 300
- Creation code
  - Refers to item: Line (location: source ID 39, lines 185..186, bytes 7373..7404, hits: 0)
- IC 6075 -> Item 301
- Creation code
  - Refers to item: Statement (location: source ID 39, lines 185..186, bytes 7373..7404, hits: 0)
- IC 219 -> Item 302
- Creation code
  - Refers to item: Line (location: source ID 39, lines 188..192, bytes 7417..7603, hits: 0)
- IC 219 -> Item 303
- Creation code
  - Refers to item: Function "setFeePercentage" (location: source ID 39, lines 188..192, bytes 7417..7603, hits: 0)
- IC 1395 -> Item 304
- Creation code
  - Refers to item: Line (location: source ID 39, lines 189..190, bytes 7501..7522, hits: 0)
- IC 1395 -> Item 305
- Creation code
  - Refers to item: Statement (location: source ID 39, lines 189..190, bytes 7501..7522, hits: 0)
- IC 1408 -> Item 306
- Creation code
  - Refers to item: Branch (branch: 25, path: 0) (location: source ID 39, lines 189..190, bytes 7524..7553, hits: 0)
- IC 1408 -> Item 307
- Creation code
  - Refers to item: Statement (location: source ID 39, lines 189..190, bytes 7524..7553, hits: 0)
- IC 1458 -> Item 308
- Creation code
  - Refers to item: Line (location: source ID 39, lines 190..191, bytes 7563..7596, hits: 0)
- IC 1458 -> Item 309
- Creation code
  - Refers to item: Statement (location: source ID 39, lines 190..191, bytes 7563..7596, hits: 0)

Anchors for Contract "IERC721Receiver" (solc 0.8.28, source ID 25):

Anchors for Contract "IERC20Errors" (solc 0.8.28, source ID 22):

Anchors for Contract "CommonBase" (solc 0.8.28, source ID 0):

Anchors for Contract "Panic" (solc 0.8.28, source ID 30):

Anchors for Contract "StdAssertions" (solc 0.8.28, source ID 1):

Anchors for Contract "Vm" (solc 0.8.28, source ID 13):

Anchors for Contract "safeconsole" (solc 0.8.28, source ID 17):

Anchors for Contract "Context" (solc 0.8.28, source ID 29):

Anchors for Contract "Math" (solc 0.8.28, source ID 35):

Anchors for Contract "IERC721" (solc 0.8.28, source ID 24):

Anchors for Contract "IERC4906" (solc 0.8.28, source ID 20):

Anchors for Contract "Strings" (solc 0.8.28, source ID 32):

Anchors for Contract "ERC721" (solc 0.8.28, source ID 23):

Anchors for Contract "SafeCast" (solc 0.8.28, source ID 36):

Anchors for Contract "ERC721Utils" (solc 0.8.28, source ID 28):

Anchors for Contract "TestBase" (solc 0.8.28, source ID 0):

Anchors for Contract "stdToml" (solc 0.8.28, source ID 10):

Anchors for Contract "ScriptBase" (solc 0.8.28, source ID 0):

Anchors for Contract "SignedMath" (solc 0.8.28, source ID 37):

Anchors for Contract "FactoryRealWorldAssets" (solc 0.8.28, source ID 38):
- IC 227 -> Item 0
- Creation code
  - Refers to item: Line (location: source ID 38, lines 19..33, bytes 530..1247, hits: 5)
- IC 227 -> Item 1
- Creation code
  - Refers to item: Function "createAsset" (location: source ID 38, lines 19..33, bytes 530..1247, hits: 5)
- IC 810 -> Item 2
- Creation code
  - Refers to item: Line (location: source ID 38, lines 20..21, bytes 637..689, hits: 5)
- IC 810 -> Item 3
- Creation code
  - Refers to item: Statement (location: source ID 38, lines 20..21, bytes 637..689, hits: 5)
- IC 811 -> Item 4
- Creation code
  - Refers to item: Statement (location: source ID 38, lines 20..21, bytes 656..689, hits: 5)
- IC 852 -> Item 5
- Creation code
  - Refers to item: Line (location: source ID 38, lines 21..22, bytes 703..726, hits: 5)
- IC 852 -> Item 6
- Creation code
  - Refers to item: Statement (location: source ID 38, lines 21..22, bytes 703..726, hits: 5)
- IC 860 -> Item 7
- Creation code
  - Refers to item: Branch (branch: 0, path: 0) (location: source ID 38, lines 21..22, bytes 728..746, hits: 1)
- IC 860 -> Item 8
- Creation code
  - Refers to item: Statement (location: source ID 38, lines 21..22, bytes 728..746, hits: 1)
- IC 910 -> Item 9
- Creation code
  - Refers to item: Line (location: source ID 38, lines 22..23, bytes 760..785, hits: 4)
- IC 910 -> Item 10
- Creation code
  - Refers to item: Statement (location: source ID 38, lines 22..23, bytes 760..785, hits: 4)
- IC 918 -> Item 11
- Creation code
  - Refers to item: Branch (branch: 1, path: 0) (location: source ID 38, lines 22..23, bytes 787..807, hits: 1)
- IC 918 -> Item 12
- Creation code
  - Refers to item: Statement (location: source ID 38, lines 22..23, bytes 787..807, hits: 1)
- IC 1003 -> Item 13
- Creation code
  - Refers to item: Line (location: source ID 38, lines 23..24, bytes 847..874, hits: 1)
- IC 1003 -> Item 14
- Creation code
  - Refers to item: Branch (branch: 2, path: 0) (location: source ID 38, lines 23..24, bytes 847..874, hits: 1)
- IC 1003 -> Item 15
- Creation code
  - Refers to item: Statement (location: source ID 38, lines 23..24, bytes 847..874, hits: 1)
- IC 1053 -> Item 16
- Creation code
  - Refers to item: Line (location: source ID 38, lines 26..27, bytes 994..1049, hits: 2)
- IC 1053 -> Item 17
- Creation code
  - Refers to item: Statement (location: source ID 38, lines 26..27, bytes 994..1049, hits: 2)
- IC 1054 -> Item 18
- Creation code
  - Refers to item: Statement (location: source ID 38, lines 26..27, bytes 1017..1049, hits: 2)
- IC 1107 -> Item 19
- Creation code
  - Refers to item: Line (location: source ID 38, lines 27..28, bytes 1059..1090, hits: 2)
- IC 1107 -> Item 20
- Creation code
  - Refers to item: Statement (location: source ID 38, lines 27..28, bytes 1059..1090, hits: 2)
- IC 1147 -> Item 21
- Creation code
  - Refers to item: Line (location: source ID 38, lines 28..29, bytes 1100..1132, hits: 2)
- IC 1147 -> Item 22
- Creation code
  - Refers to item: Statement (location: source ID 38, lines 28..29, bytes 1100..1132, hits: 2)
- IC 1232 -> Item 23
- Creation code
  - Refers to item: Line (location: source ID 38, lines 29..30, bytes 1142..1161, hits: 2)
- IC 1232 -> Item 24
- Creation code
  - Refers to item: Statement (location: source ID 38, lines 29..30, bytes 1142..1161, hits: 2)
- IC 1327 -> Item 25
- Creation code
  - Refers to item: Line (location: source ID 38, lines 30..31, bytes 1171..1218, hits: 2)
- IC 1327 -> Item 26
- Creation code
  - Refers to item: Statement (location: source ID 38, lines 30..31, bytes 1171..1218, hits: 2)
- IC 1407 -> Item 27
- Creation code
  - Refers to item: Line (location: source ID 38, lines 31..32, bytes 1228..1240, hits: 2)
- IC 1407 -> Item 28
- Creation code
  - Refers to item: Statement (location: source ID 38, lines 31..32, bytes 1228..1240, hits: 2)
- IC 137 -> Item 29
- Creation code
  - Refers to item: Line (location: source ID 38, lines 34..37, bytes 1253..1353, hits: 1)
- IC 137 -> Item 30
- Creation code
  - Refers to item: Function "getAssets" (location: source ID 38, lines 34..37, bytes 1253..1353, hits: 1)
- IC 406 -> Item 31
- Creation code
  - Refers to item: Line (location: source ID 38, lines 35..36, bytes 1332..1346, hits: 1)
- IC 406 -> Item 32
- Creation code
  - Refers to item: Statement (location: source ID 38, lines 35..36, bytes 1332..1346, hits: 1)
- IC 197 -> Item 33
- Creation code
  - Refers to item: Line (location: source ID 38, lines 38..41, bytes 1359..1454, hits: 0)
- IC 197 -> Item 34
- Creation code
  - Refers to item: Function "getAssetCount" (location: source ID 38, lines 38..41, bytes 1359..1454, hits: 0)
- IC 799 -> Item 35
- Creation code
  - Refers to item: Line (location: source ID 38, lines 39..40, bytes 1426..1447, hits: 0)
- IC 799 -> Item 36
- Creation code
  - Refers to item: Statement (location: source ID 38, lines 39..40, bytes 1426..1447, hits: 0)
- IC 89 -> Item 37
- Creation code
  - Refers to item: Line (location: source ID 38, lines 42..48, bytes 1460..1662, hits: 0)
- IC 89 -> Item 38
- Creation code
  - Refers to item: Function "getAssetByIndex" (location: source ID 38, lines 42..48, bytes 1460..1662, hits: 0)
- IC 277 -> Item 39
- Creation code
  - Refers to item: Line (location: source ID 38, lines 43..44, bytes 1553..1576, hits: 0)
- IC 277 -> Item 40
- Creation code
  - Refers to item: Statement (location: source ID 38, lines 43..44, bytes 1553..1576, hits: 0)
- IC 288 -> Item 41
- Creation code
  - Refers to item: Branch (branch: 3, path: 0) (location: source ID 38, lines 43..46, bytes 1578..1625, hits: 0)
- IC 288 -> Item 42
- Creation code
  - Refers to item: Line (location: source ID 38, lines 44..45, bytes 1592..1614, hits: 0)
- IC 288 -> Item 43
- Creation code
  - Refers to item: Statement (location: source ID 38, lines 44..45, bytes 1592..1614, hits: 0)
- IC 338 -> Item 44
- Creation code
  - Refers to item: Line (location: source ID 38, lines 46..47, bytes 1634..1655, hits: 0)
- IC 338 -> Item 45
- Creation code
  - Refers to item: Statement (location: source ID 38, lines 46..47, bytes 1634..1655, hits: 0)
- IC 167 -> Item 46
- Creation code
  - Refers to item: Line (location: source ID 38, lines 49..56, bytes 1668..1961, hits: 0)
- IC 167 -> Item 47
- Creation code
  - Refers to item: Function "getDeployedAssetsAddresses" (location: source ID 38, lines 49..56, bytes 1668..1961, hits: 0)
- IC 544 -> Item 48
- Creation code
  - Refers to item: Line (location: source ID 38, lines 50..51, bytes 1757..1815, hits: 0)
- IC 544 -> Item 49
- Creation code
  - Refers to item: Statement (location: source ID 38, lines 50..51, bytes 1757..1815, hits: 0)
- IC 545 -> Item 50
- Creation code
  - Refers to item: Statement (location: source ID 38, lines 50..51, bytes 1786..1815, hits: 0)
- IC 624 -> Item 51
- Creation code
  - Refers to item: Line (location: source ID 38, lines 51..52, bytes 1830..1843, hits: 0)
- IC 624 -> Item 52
- Creation code
  - Refers to item: Statement (location: source ID 38, lines 51..52, bytes 1830..1843, hits: 0)
- IC 629 -> Item 53
- Creation code
  - Refers to item: Statement (location: source ID 38, lines 51..52, bytes 1845..1863, hits: 0)
- IC 777 -> Item 54
- Creation code
  - Refers to item: Statement (location: source ID 38, lines 51..52, bytes 1865..1868, hits: 0)
- IC 641 -> Item 55
- Creation code
  - Refers to item: Line (location: source ID 38, lines 52..53, bytes 1884..1918, hits: 0)
- IC 641 -> Item 56
- Creation code
  - Refers to item: Statement (location: source ID 38, lines 52..53, bytes 1884..1918, hits: 0)
- IC 791 -> Item 57
- Creation code
  - Refers to item: Line (location: source ID 38, lines 54..55, bytes 1938..1954, hits: 0)
- IC 791 -> Item 58
- Creation code
  - Refers to item: Statement (location: source ID 38, lines 54..55, bytes 1938..1954, hits: 0)

Anchors for Contract "StdStyle" (solc 0.8.28, source ID 9):

Anchors for Contract "FactoryRealWorldAssetsTest" (solc 0.8.28, source ID 41):

Anchors for Contract "RealWorldAssetTest" (solc 0.8.28, source ID 43):

Anchors for Contract "RealWorldAsset" (solc 0.8.28, source ID 40):
- IC 5 -> Item 310
- Runtime code
  - Refers to item: Line (location: source ID 40, lines 14..17, bytes 559..705, hits: 9)
- IC 5 -> Item 311
- Runtime code
  - Refers to item: Function "constructor" (location: source ID 40, lines 14..17, bytes 559..705, hits: 9)
- IC 240 -> Item 312
- Runtime code
  - Refers to item: Line (location: source ID 40, lines 15..16, bytes 679..698, hits: 9)
- IC 240 -> Item 313
- Runtime code
  - Refers to item: Statement (location: source ID 40, lines 15..16, bytes 679..698, hits: 9)
- IC 972 -> Item 314
- Creation code
  - Refers to item: Line (location: source ID 40, lines 18..26, bytes 711..996, hits: 4)
- IC 972 -> Item 315
- Creation code
  - Refers to item: Function "mint" (location: source ID 40, lines 18..26, bytes 711..996, hits: 4)
- IC 2495 -> Item 316
- Creation code
  - Refers to item: Line (location: source ID 40, lines 19..20, bytes 808..824, hits: 3)
- IC 2495 -> Item 317
- Creation code
  - Refers to item: Statement (location: source ID 40, lines 19..20, bytes 808..824, hits: 3)
- IC 2546 -> Item 318
- Creation code
  - Refers to item: Branch (branch: 0, path: 0) (location: source ID 40, lines 19..20, bytes 826..845, hits: 1)
- IC 2546 -> Item 319
- Creation code
  - Refers to item: Statement (location: source ID 40, lines 19..20, bytes 826..845, hits: 1)
- IC 2596 -> Item 320
- Creation code
  - Refers to item: Line (location: source ID 40, lines 21..22, bytes 856..889, hits: 2)
- IC 2596 -> Item 321
- Creation code
  - Refers to item: Statement (location: source ID 40, lines 21..22, bytes 856..889, hits: 2)
- IC 2602 -> Item 322
- Creation code
  - Refers to item: Line (location: source ID 40, lines 22..23, bytes 899..921, hits: 2)
- IC 2602 -> Item 323
- Creation code
  - Refers to item: Statement (location: source ID 40, lines 22..23, bytes 899..921, hits: 2)
- IC 2612 -> Item 324
- Creation code
  - Refers to item: Line (location: source ID 40, lines 23..24, bytes 931..962, hits: 2)
- IC 2612 -> Item 325
- Creation code
  - Refers to item: Statement (location: source ID 40, lines 23..24, bytes 931..962, hits: 2)
- IC 2622 -> Item 326
- Creation code
  - Refers to item: Line (location: source ID 40, lines 24..25, bytes 972..989, hits: 2)
- IC 2622 -> Item 327
- Creation code
  - Refers to item: Statement (location: source ID 40, lines 24..25, bytes 972..989, hits: 2)
- IC 334 -> Item 328
- Creation code
  - Refers to item: Line (location: source ID 40, lines 27..30, bytes 1002..1099, hits: 3)
- IC 334 -> Item 329
- Creation code
  - Refers to item: Function "currentTokenId" (location: source ID 40, lines 27..30, bytes 1002..1099, hits: 3)
- IC 1078 -> Item 330
- Creation code
  - Refers to item: Line (location: source ID 40, lines 28..29, bytes 1070..1092, hits: 3)
- IC 1078 -> Item 331
- Creation code
  - Refers to item: Statement (location: source ID 40, lines 28..29, bytes 1070..1092, hits: 3)
- IC 518 -> Item 332
- Creation code
  - Refers to item: Line (location: source ID 40, lines 31..34, bytes 1105..1192, hits: 2)
- IC 518 -> Item 333
- Creation code
  - Refers to item: Function "getName" (location: source ID 40, lines 31..34, bytes 1105..1192, hits: 2)
- IC 1376 -> Item 334
- Creation code
  - Refers to item: Line (location: source ID 40, lines 32..33, bytes 1172..1185, hits: 2)
- IC 1376 -> Item 335
- Creation code
  - Refers to item: Statement (location: source ID 40, lines 32..33, bytes 1172..1185, hits: 2)
- IC 1376 -> Item 336
- Creation code
  - Refers to item: Statement (location: source ID 40, lines 32..33, bytes 1179..1185, hits: 2)
- IC 576 -> Item 337
- Creation code
  - Refers to item: Line (location: source ID 40, lines 35..38, bytes 1198..1315, hits: 2)
- IC 576 -> Item 338
- Creation code
  - Refers to item: Function "getTokenURI" (location: source ID 40, lines 35..38, bytes 1198..1315, hits: 2)
- IC 1646 -> Item 339
- Creation code
  - Refers to item: Line (location: source ID 40, lines 36..37, bytes 1284..1308, hits: 2)
- IC 1646 -> Item 340
- Creation code
  - Refers to item: Statement (location: source ID 40, lines 36..37, bytes 1284..1308, hits: 2)
- IC 1646 -> Item 341
- Creation code
  - Refers to item: Statement (location: source ID 40, lines 36..37, bytes 1291..1308, hits: 2)
- IC 798 -> Item 342
- Creation code
  - Refers to item: Line (location: source ID 40, lines 39..42, bytes 1321..1383, hits: 2)
- IC 798 -> Item 343
- Creation code
  - Refers to item: Function "pause" (location: source ID 40, lines 39..42, bytes 1321..1383, hits: 2)
- IC 1959 -> Item 344
- Creation code
  - Refers to item: Line (location: source ID 40, lines 40..41, bytes 1368..1376, hits: 2)
- IC 1959 -> Item 345
- Creation code
  - Refers to item: Statement (location: source ID 40, lines 40..41, bytes 1368..1376, hits: 2)
- IC 624 -> Item 346
- Creation code
  - Refers to item: Line (location: source ID 40, lines 42..45, bytes 1388..1454, hits: 1)
- IC 624 -> Item 347
- Creation code
  - Refers to item: Function "unpause" (location: source ID 40, lines 42..45, bytes 1388..1454, hits: 1)
- IC 1670 -> Item 348
- Creation code
  - Refers to item: Line (location: source ID 40, lines 43..44, bytes 1437..1447, hits: 1)
- IC 1670 -> Item 349
- Creation code
  - Refers to item: Statement (location: source ID 40, lines 43..44, bytes 1437..1447, hits: 1)

Anchors for Contract "IERC1155Errors" (solc 0.8.28, source ID 22):

Anchors for Contract "IERC721Errors" (solc 0.8.28, source ID 22):

Anchors for Contract "StdChains" (solc 0.8.28, source ID 2):

Anchors for Contract "stdMath" (solc 0.8.28, source ID 7):

Anchors for Contract "ERC721URIStorage" (solc 0.8.28, source ID 26):

Anchors for Contract "StdCheatsSafe" (solc 0.8.28, source ID 3):

Anchors for Contract "IERC721Metadata" (solc 0.8.28, source ID 27):

Anchors for Contract "stdStorage" (solc 0.8.28, source ID 8):

Anchors for Contract "stdStorageSafe" (solc 0.8.28, source ID 8):

Anchors for Contract "Ownable" (solc 0.8.28, source ID 18):

Anchors for Contract "Pausable" (solc 0.8.28, source ID 31):

Anchors for Contract "StdCheats" (solc 0.8.28, source ID 3):

Anchors for Contract "StdUtils" (solc 0.8.28, source ID 11):

Anchors for Contract "IMulticall3" (solc 0.8.28, source ID 16):

Anchors for Contract "IERC165" (solc 0.8.28, source ID 34):

Anchors for Contract "stdError" (solc 0.8.28, source ID 4):

Anchors for Contract "Test" (solc 0.8.28, source ID 12):

Anchors for Contract "VmSafe" (solc 0.8.28, source ID 13):

Anchors for Contract "ERC165" (solc 0.8.28, source ID 33):

Anchors for Contract "console" (solc 0.8.28, source ID 14):

